<?xml version="1.0" encoding="UTF-8"?>
<!-- Generated by org.testng.reporters.JUnitXMLReporter -->
<testsuite ignored="0" hostname="DESKTOP-DOJ891E" failures="0" tests="10" name="Test" time="82.842" errors="0" timestamp="2025-03-18T18:15:01 IST">
  <testcase classname="FunctionalTestScript.login" name="loginTest" time="8.087"/>
  <testcase classname="FunctionalTestScript.login" name="loginTest" time="4.67"/>
  <testcase classname="FunctionalTestScript.login" name="loginTest" time="4.661"/>
  <testcase classname="FunctionalTestScript.login" name="loginTest" time="6.209"/>
  <testcase classname="FunctionalTestScript.login" name="loginTest" time="8.516"/>
  <testcase classname="FunctionalTestScript.login" name="loginTest" time="4.92"/>
  <testcase classname="FunctionalTestScript.login" name="loginTest" time="6.18"/>
  <testcase classname="FunctionalTestScript.login" name="loginTest" time="2.225"/>
  <testcase classname="FunctionalTestScript.login" name="loginTest" time="6.818"/>
  <testcase classname="FunctionalTestScript.logout" name="logoutTest" time="3.961"/>
</testsuite> <!-- Test -->
